<?xml version="1.0" encoding="UTF-8"?>
<!-- Generated by org.testng.reporters.JUnitXMLReporter -->
<testsuite hostname="D572R1G2" ignored="0" name="Default test" tests="36" failures="0" timestamp="20 Mar 2019 15:22:03 GMT" time="1486.289" errors="0">
  <testcase name="RunNE_HO3" time="29.925" classname="Automation.PS.STATES.NE.NE_HO3Batch"/>
  <testcase name="RunNE_HO3" time="30.411" classname="Automation.PS.STATES.NE.NE_HO3Batch"/>
  <testcase name="RunNE_HO3" time="28.4" classname="Automation.PS.STATES.NE.NE_HO3Batch"/>
  <testcase name="RunNE_HO3" time="30.387" classname="Automation.PS.STATES.NE.NE_HO3Batch"/>
  <testcase name="RunNE_HO3" time="31.635" classname="Automation.PS.STATES.NE.NE_HO3Batch"/>
  <testcase name="RunNE_HO3" time="32.498" classname="Automation.PS.STATES.NE.NE_HO3Batch"/>
  <testcase name="RunNE_HO3" time="31.7" classname="Automation.PS.STATES.NE.NE_HO3Batch"/>
  <testcase name="RunNE_HO3" time="33.929" classname="Automation.PS.STATES.NE.NE_HO3Batch"/>
  <testcase name="RunNE_HO3" time="32.362" classname="Automation.PS.STATES.NE.NE_HO3Batch"/>
  <testcase name="RunNE_HO3" time="32.206" classname="Automation.PS.STATES.NE.NE_HO3Batch"/>
  <testcase name="RunNE_HO3" time="32.81" classname="Automation.PS.STATES.NE.NE_HO3Batch"/>
  <testcase name="RunNE_HO3" time="17.829" classname="Automation.PS.STATES.NE.NE_HO3Batch"/>
  <testcase name="RunNE_HO3" time="33.907" classname="Automation.PS.STATES.NE.NE_HO3Batch"/>
  <testcase name="RunNE_HO3" time="32.06" classname="Automation.PS.STATES.NE.NE_HO3Batch"/>
  <testcase name="RunNE_HO3" time="31.797" classname="Automation.PS.STATES.NE.NE_HO3Batch"/>
  <testcase name="RunNE_HO3" time="36.2" classname="Automation.PS.STATES.NE.NE_HO3Batch"/>
  <testcase name="RunNE_HO3" time="30.907" classname="Automation.PS.STATES.NE.NE_HO3Batch"/>
  <testcase name="RunNE_HO3" time="32.854" classname="Automation.PS.STATES.NE.NE_HO3Batch"/>
  <testcase name="RunNE_HO3" time="31.336" classname="Automation.PS.STATES.NE.NE_HO3Batch"/>
  <testcase name="RunNE_HO3" time="31.05" classname="Automation.PS.STATES.NE.NE_HO3Batch"/>
  <testcase name="RunNE_HO3" time="33.403" classname="Automation.PS.STATES.NE.NE_HO3Batch"/>
  <testcase name="RunNE_HO3" time="32.357" classname="Automation.PS.STATES.NE.NE_HO3Batch"/>
  <testcase name="RunNE_HO3" time="36.058" classname="Automation.PS.STATES.NE.NE_HO3Batch"/>
  <testcase name="RunNE_HO3" time="31.681" classname="Automation.PS.STATES.NE.NE_HO3Batch"/>
  <testcase name="RunNE_HO3" time="36.232" classname="Automation.PS.STATES.NE.NE_HO3Batch"/>
  <testcase name="RunNE_HO3" time="36.214" classname="Automation.PS.STATES.NE.NE_HO3Batch"/>
  <testcase name="RunNE_HO3" time="31.67" classname="Automation.PS.STATES.NE.NE_HO3Batch"/>
  <testcase name="RunNE_HO3" time="34.618" classname="Automation.PS.STATES.NE.NE_HO3Batch"/>
  <testcase name="RunNE_HO3" time="53.704" classname="Automation.PS.STATES.NE.NE_HO3Batch"/>
  <testcase name="RunNE_HO3" time="74.563" classname="Automation.PS.STATES.NE.NE_HO3Batch"/>
  <testcase name="RunNE_HO3" time="73.185" classname="Automation.PS.STATES.NE.NE_HO3Batch"/>
  <testcase name="RunNE_HO3" time="99.759" classname="Automation.PS.STATES.NE.NE_HO3Batch"/>
  <testcase name="RunNE_HO3" time="76.953" classname="Automation.PS.STATES.NE.NE_HO3Batch"/>
  <testcase name="RunNE_HO3" time="71.829" classname="Automation.PS.STATES.NE.NE_HO3Batch"/>
  <testcase name="RunNE_HO3" time="71.731" classname="Automation.PS.STATES.NE.NE_HO3Batch"/>
  <testcase name="RunNE_HO3" time="58.821" classname="Automation.PS.STATES.NE.NE_HO3Batch"/>
</testsuite> <!-- Default test -->
